<?xml version="1.0" encoding="UTF-8"?>
<!-- Generated by org.testng.reporters.JUnitXMLReporter -->
<testsuite ignored="0" hostname="DESKTOP-LAQ4TS2" failures="0" tests="7" name="Default test" time="166.297" errors="0" timestamp="23 sep 2019 20:39:28 GMT">
  <testcase classname="login.Testing" name="loginWrong" time="22.641"/>
  <testcase classname="login.Testing" name="loginWrong" time="21.675"/>
  <testcase classname="login.Testing" name="loginWrong" time="21.518"/>
  <testcase classname="login.Testing" name="loginWrong" time="21.687"/>
  <testcase classname="login.Testing" name="loginWrong" time="23.019"/>
  <testcase classname="login.Testing" name="loginWrong" time="21.473"/>
  <testcase classname="login.Testing" name="loginWrong" time="21.581"/>
</testsuite> <!-- Default test -->
