<?xml version="1.0" encoding="UTF-8"?>
<testng-results ignored="0" total="7" passed="7" failed="0" skipped="0">
  <reporter-output>
  </reporter-output>
  <suite started-at="2019-09-23T20:36:42Z" name="Default suite" finished-at="2019-09-23T20:39:28Z" duration-ms="166297">
    <groups>
    </groups>
    <test started-at="2019-09-23T20:36:42Z" name="Default test" finished-at="2019-09-23T20:39:28Z" duration-ms="166297">
      <class name="login.Testing">
        <test-method is-config="true" signature="setupDriver()[pri:0, instance:login.Testing@14ec4505]" started-at="2019-09-23T20:36:42Z" name="setupDriver" finished-at="2019-09-23T20:36:52Z" duration-ms="10295" status="PASS">
          <reporter-output>
          </reporter-output>
        </test-method> <!-- setupDriver -->
        <test-method signature="loginWrong(java.lang.String, java.lang.String)[pri:0, instance:login.Testing@14ec4505]" started-at="2019-09-23T20:36:52Z" name="loginWrong" data-provider="loginWrongCreds" finished-at="2019-09-23T20:37:15Z" duration-ms="22641" status="PASS">
          <params>
            <param index="0">
              <value>
                <![CDATA[]]>
              </value>
            </param>
            <param index="1">
              <value>
                <![CDATA[]]>
              </value>
            </param>
          </params>
          <reporter-output>
          </reporter-output>
        </test-method> <!-- loginWrong -->
        <test-method signature="loginWrong(java.lang.String, java.lang.String)[pri:0, instance:login.Testing@14ec4505]" started-at="2019-09-23T20:37:15Z" name="loginWrong" data-provider="loginWrongCreds" finished-at="2019-09-23T20:37:37Z" duration-ms="21675" status="PASS">
          <params>
            <param index="0">
              <value>
                <![CDATA[majaatalovic@live.com]]>
              </value>
            </param>
            <param index="1">
              <value>
                <![CDATA[majapetar88]]>
              </value>
            </param>
          </params>
          <reporter-output>
          </reporter-output>
        </test-method> <!-- loginWrong -->
        <test-method signature="loginWrong(java.lang.String, java.lang.String)[pri:0, instance:login.Testing@14ec4505]" started-at="2019-09-23T20:37:37Z" name="loginWrong" data-provider="loginWrongCreds" finished-at="2019-09-23T20:37:58Z" duration-ms="21518" status="PASS">
          <params>
            <param index="0">
              <value>
                <![CDATA[majatatalovic@livecom]]>
              </value>
            </param>
            <param index="1">
              <value>
                <![CDATA[majapetar88]]>
              </value>
            </param>
          </params>
          <reporter-output>
          </reporter-output>
        </test-method> <!-- loginWrong -->
        <test-method signature="loginWrong(java.lang.String, java.lang.String)[pri:0, instance:login.Testing@14ec4505]" started-at="2019-09-23T20:37:58Z" name="loginWrong" data-provider="loginWrongCreds" finished-at="2019-09-23T20:38:20Z" duration-ms="21687" status="PASS">
          <params>
            <param index="0">
              <value>
                <![CDATA[majatatalovic@live.com]]>
              </value>
            </param>
            <param index="1">
              <value>
                <![CDATA[maja]]>
              </value>
            </param>
          </params>
          <reporter-output>
          </reporter-output>
        </test-method> <!-- loginWrong -->
        <test-method signature="loginWrong(java.lang.String, java.lang.String)[pri:0, instance:login.Testing@14ec4505]" started-at="2019-09-23T20:38:20Z" name="loginWrong" data-provider="loginWrongCreds" finished-at="2019-09-23T20:38:43Z" duration-ms="23019" status="PASS">
          <params>
            <param index="0">
              <value>
                <![CDATA[majatatalovic@live.com]]>
              </value>
            </param>
            <param index="1">
              <value>
                <![CDATA[majapetar89]]>
              </value>
            </param>
          </params>
          <reporter-output>
          </reporter-output>
        </test-method> <!-- loginWrong -->
        <test-method signature="loginWrong(java.lang.String, java.lang.String)[pri:0, instance:login.Testing@14ec4505]" started-at="2019-09-23T20:38:43Z" name="loginWrong" data-provider="loginWrongCreds" finished-at="2019-09-23T20:39:04Z" duration-ms="21473" status="PASS">
          <params>
            <param index="0">
              <value>
                <![CDATA[]]>
              </value>
            </param>
            <param index="1">
              <value>
                <![CDATA[majapetar88]]>
              </value>
            </param>
          </params>
          <reporter-output>
          </reporter-output>
        </test-method> <!-- loginWrong -->
        <test-method signature="loginWrong(java.lang.String, java.lang.String)[pri:0, instance:login.Testing@14ec4505]" started-at="2019-09-23T20:39:04Z" name="loginWrong" data-provider="loginWrongCreds" finished-at="2019-09-23T20:39:26Z" duration-ms="21581" status="PASS">
          <params>
            <param index="0">
              <value>
                <![CDATA[majatatalovic@live.com]]>
              </value>
            </param>
            <param index="1">
              <value>
                <![CDATA[]]>
              </value>
            </param>
          </params>
          <reporter-output>
          </reporter-output>
        </test-method> <!-- loginWrong -->
        <test-method is-config="true" signature="closeDriver()[pri:0, instance:login.Testing@14ec4505]" started-at="2019-09-23T20:39:26Z" name="closeDriver" finished-at="2019-09-23T20:39:28Z" duration-ms="2282" status="PASS">
          <reporter-output>
          </reporter-output>
        </test-method> <!-- closeDriver -->
      </class> <!-- login.Testing -->
    </test> <!-- Default test -->
  </suite> <!-- Default suite -->
</testng-results>
